<?xml version="1.0" encoding="UTF-8"?>
<!-- Generated by org.testng.reporters.JUnitReportReporter -->
<testsuite hostname="DESKTOP-T9STJ9I" failures="0" tests="1" name="Action_Items.Action_Item_06" time="303.843" errors="1" timestamp="2020-06-01T11:38:51 EDT" skipped="0">
  <testcase classname="Action_Items.Action_Item_06" name="kayakTest" time="303.843">
    <error message="Index 1 out of bounds for length 1" type="java.lang.IndexOutOfBoundsException">
      <![CDATA[java.lang.IndexOutOfBoundsException: Index 1 out of bounds for length 1
at java.base/jdk.internal.util.Preconditions.outOfBounds(Preconditions.java:64)
at java.base/jdk.internal.util.Preconditions.outOfBoundsCheckIndex(Preconditions.java:70)
at java.base/jdk.internal.util.Preconditions.checkIndex(Preconditions.java:248)
at java.base/java.util.Objects.checkIndex(Objects.java:372)
at java.base/java.util.ArrayList.get(ArrayList.java:458)
at Action_Items.Action_Item_06.kayakTest(Action_Item_06.java:122)
at java.base/jdk.internal.reflect.NativeMethodAccessorImpl.invoke0(Native Method)
at java.base/jdk.internal.reflect.NativeMethodAccessorImpl.invoke(NativeMethodAccessorImpl.java:62)
at java.base/jdk.internal.reflect.DelegatingMethodAccessorImpl.invoke(DelegatingMethodAccessorImpl.java:43)
at java.base/java.lang.reflect.Method.invoke(Method.java:566)
at org.testng.internal.MethodInvocationHelper.invokeMethod(MethodInvocationHelper.java:134)
at org.testng.internal.TestInvoker.invokeMethod(TestInvoker.java:597)
at org.testng.internal.TestInvoker.invokeTestMethod(TestInvoker.java:173)
at org.testng.internal.MethodRunner.runInSequence(MethodRunner.java:46)
at org.testng.internal.TestInvoker$MethodInvocationAgent.invoke(TestInvoker.java:816)
at org.testng.internal.TestInvoker.invokeTestMethods(TestInvoker.java:146)
at org.testng.internal.TestMethodWorker.invokeTestMethods(TestMethodWorker.java:146)
at org.testng.internal.TestMethodWorker.run(TestMethodWorker.java:128)
at java.base/java.util.ArrayList.forEach(ArrayList.java:1540)
at org.testng.TestRunner.privateRun(TestRunner.java:766)
at org.testng.TestRunner.run(TestRunner.java:587)
at org.testng.SuiteRunner.runTest(SuiteRunner.java:384)
at org.testng.SuiteRunner.runSequentially(SuiteRunner.java:378)
at org.testng.SuiteRunner.privateRun(SuiteRunner.java:337)
at org.testng.SuiteRunner.run(SuiteRunner.java:286)
at org.testng.SuiteRunnerWorker.runSuite(SuiteRunnerWorker.java:53)
at org.testng.SuiteRunnerWorker.run(SuiteRunnerWorker.java:96)
at org.testng.TestNG.runSuitesSequentially(TestNG.java:1187)
at org.testng.TestNG.runSuitesLocally(TestNG.java:1109)
at org.testng.TestNG.runSuites(TestNG.java:1039)
at org.testng.TestNG.run(TestNG.java:1007)
at com.intellij.rt.testng.IDEARemoteTestNG.run(IDEARemoteTestNG.java:66)
at com.intellij.rt.testng.RemoteTestNGStarter.main(RemoteTestNGStarter.java:110)
]]>
    </error>
  </testcase> <!-- kayakTest -->
  <system-out>
Clicking a value on element :Click on search Box Clicking a value on element :Search Box for Airport Clicking a value on element :End Date Box Clicking a value on element :Entering End Date Clicking a value on element :Clicking End Time Unable to click element Clicking End Time org.openqa.selenium.ElementClickInterceptedException: element click intercepted: Element <div id="A8bJ-dateRangeInput-end-time-select-display" class="_ij- _iad _iEJ _iaf _iED _iaa _idE _j88 _iv1 _iqH _iqF _ia1 _im8 _h-Y _ijv _im4 _iai _ik4 _jMo" aria-labelledby="A8bJ-dateRangeInput-end-time-select-display-label A8bJ-dateRangeInput-end-time-select-display-text" tabindex="0" role="button" aria-haspopup="listbox" aria-owns="A8bJ-dateRangeInput-end-time-select-list" aria-activedescendant="A8bJ-dateRangeInput-end-time-select-option-12">...</div> is not clickable at point (1093, 256). Other element would receive the click: <div contenteditable="" id="A8bJ-dropoff-date-input" class="Common-Widgets-Datepicker-StyleJamDateTimeInput-DateTimeInput__input DateTimeInput-range-modal-lightweight__input _id7 _ibU _ibV _idE _ii0 _itL _iCj _iax" spellcheck="false" aria-label="Drop-off date">...</div>
  (Session info: chrome=83.0.4103.61)
Build info: version: '3.141.59', revision: 'e82be7d358', time: '2018-11-14T08:17:03'
System info: host: 'DESKTOP-T9STJ9I', ip: '25.229.193.37', os.name: 'Windows 10', os.arch: 'amd64', os.version: '10.0', java.version: '11.0.6'
Driver info: org.openqa.selenium.chrome.ChromeDriver
Capabilities {acceptInsecureCerts: false, browserName: chrome, browserVersion: 83.0.4103.61, chrome: {chromedriverVersion: 83.0.4103.39 (ccbf011cb2d2b..., userDataDir: C:\Users\Wahid\AppData\Loca...}, goog:chromeOptions: {debuggerAddress: localhost:4503}, javascriptEnabled: true, networkConnectionEnabled: false, pageLoadStrategy: normal, platform: WINDOWS, platformName: WINDOWS, proxy: Proxy(), setWindowRect: true, strictFileInteractability: false, timeouts: {implicit: 0, pageLoad: 300000, script: 30000}, unhandledPromptBehavior: dismiss and notify, webauthn:virtualAuthenticators: true}
Session ID: 97a73d7cbeb4fce098f86e9799d798a4 Clicking a value on element :Entering end time Clicking a value on element :Clicking on outside Clicking a value on element :Start Date Box Clicking a value on element :Entering Start Date Unable to click element Entering Start Date org.openqa.selenium.ElementClickInterceptedException: element click intercepted: Element <div id="A8bJ-dateRangeInput-display-start" class="_iaf _iDB _ia1 _iv1 _im4 _j0z _iPK _j0x _j0B _iai" aria-label="Pick-up date">...</div> is not clickable at point (765, 256). Other element would receive the click: <div contenteditable="" id="A8bJ-pickup-date-input" class="Common-Widgets-Datepicker-StyleJamDateTimeInput-DateTimeInput__input DateTimeInput-range-modal-lightweight__input _id7 _ibU _ibV _idE _ii0 _itL _iCj _iax" spellcheck="false" aria-label="Pick-up date">...</div>
  (Session info: chrome=83.0.4103.61)
Build info: version: '3.141.59', revision: 'e82be7d358', time: '2018-11-14T08:17:03'
System info: host: 'DESKTOP-T9STJ9I', ip: '25.229.193.37', os.name: 'Windows 10', os.arch: 'amd64', os.version: '10.0', java.version: '11.0.6'
Driver info: org.openqa.selenium.chrome.ChromeDriver
Capabilities {acceptInsecureCerts: false, browserName: chrome, browserVersion: 83.0.4103.61, chrome: {chromedriverVersion: 83.0.4103.39 (ccbf011cb2d2b..., userDataDir: C:\Users\Wahid\AppData\Loca...}, goog:chromeOptions: {debuggerAddress: localhost:4503}, javascriptEnabled: true, networkConnectionEnabled: false, pageLoadStrategy: normal, platform: WINDOWS, platformName: WINDOWS, proxy: Proxy(), setWindowRect: true, strictFileInteractability: false, timeouts: {implicit: 0, pageLoad: 300000, script: 30000}, unhandledPromptBehavior: dismiss and notify, webauthn:virtualAuthenticators: true}
Session ID: 97a73d7cbeb4fce098f86e9799d798a4 Clicking a value on element :Clicking on outside Clicking a value on element :Entering Start time Clicking a value on element :Clicking on search button Clicking a value on element :Vehicles Size Unable to click element Vehicles Size org.openqa.selenium.TimeoutException: Expected condition failed: waiting for presence of element located by: By.xpath: //*[contains(@id,'topFilter') and contains(@id,'LARGE')] (tried for 120 second(s) with 500 milliseconds interval) Clicking a value on element :Click on view deal Unable to click element Click on view deal org.openqa.selenium.TimeoutException: Expected condition failed: waiting for presence of element located by: By.xpath: //*[text()='View Deal'] (tried for 120 second(s) with 500 milliseconds interval)  </system-out>
</testsuite> <!-- Action_Items.Action_Item_06 -->
